[www.britannica.com/index.html]
[backblue.gif]
[fade.gif]
[index.html]
[cdn.britannica.com/mendel-resources/3-72/dist/vendor-bundle6f76.css]
[cdn.britannica.com/mendel-resources/3-72/dist/mendel-css6f76.css]
[cdn.britannica.com/mendel-resources/3-72/dist/home-page6f76.css]
[www.googleoptimize.com/optimize3ea8.js]
[cdn.britannica.com/mendel/eb-logo/b-50-pb5.png]
[www.britannica.com/quiz/browse.html]
[www.britannica.com/dictionary.html]
[www.britannica.com/money.html]
[www.britannica.com/browse/Entertainment-Pop-Culture.html]
[www.britannica.com/browse/Geography-Travel.html]
[www.britannica.com/browse/Health-Medicine.html]
[www.britannica.com/browse/Lifestyles-Social-Issues.html]
[www.britannica.com/browse/Literature.html]
[www.britannica.com/browse/Philosophy-Religion.html]
[www.britannica.com/browse/Politics-Law-Government.html]
[www.britannica.com/browse/Science.html]
[www.britannica.com/browse/Sports-Recreation.html]
[www.britannica.com/browse/Technology.html]
[www.britannica.com/browse/Visual-Arts.html]
[www.britannica.com/browse/World-History.html]
[www.britannica.com/on-this-day.html]
[www.britannica.com/podcasts.html]
[www.britannica.com/biographies.html]
[www.britannica.com/summary.html]
[www.britannica.com/question.html]
[www.britannica.com/week-in-review.html]
[www.britannica.com/study/infographics.html]
[www.britannica.com/stories/demystified.html]
[www.britannica.com/list/browse.html]
[www.britannica.com/stories/wtfact.html]
[www.britannica.com/stories/companion.html]
[www.britannica.com/gallery/browse.html]
[www.britannica.com/stories/spotlight.html]
[www.britannica.com/stories/the-forum.html]
[www.britannica.com/one-good-fact.html]
[www.britannica.com/videos/Entertainment-Pop-Culture.html]
[www.britannica.com/videos/Geography-Travel.html]
[www.britannica.com/videos/Health-Medicine.html]
[www.britannica.com/videos/Lifestyles-Social-Issues.html]
[www.britannica.com/videos/Literature.html]
[www.britannica.com/videos/Philosophy-Religion.html]
[www.britannica.com/videos/Politics-Law-Government.html]
[www.britannica.com/videos/Science.html]
[www.britannica.com/videos/Sports-Recreation.html]
[www.britannica.com/videos/Technology.html]
[www.britannica.com/videos/Visual-Arts.html]
[www.britannica.com/videos/World-History.html]
[www.britannica.com/videos/britannica-classics.html]
[www.britannica.com/videos/explains.html]
[www.britannica.com/videos/demystified.html]
[www.britannica.com/videos/wtfact.html]
[www.britannica.com/videos/this-week-in-history.html]
[cdn.britannica.com/money/assets/britannica-money-global-nav-logo-250x30-2x.png]
[www.britannica.com/money/fafsa-college-financial-aid.html]
[www.britannica.com/explore/savingearth/covid-19/index.html]
[www.britannica.com/explore/100women/index.html]
[www.britannica.com/study/index.html]
[www.britannica.com/explore/savingearth/index.html]
[www.britannica.com/explore/space/index.html]
[cdn.britannica.com/10/235810-159-A52BFBC2/cropped-hands-people-throwing-mortarboards-against-clear-skydec9.jpg]
[www.britannica.com/money/household-finance.html]
[www.britannica.com/money/good-debt-vs-bad-debt.html]
[cdn.britannica.com/55/235555-159-522F6A92/Good-Debt-Bad-Debt-composite-image-home-buyers-shoppersdec9.jpg]
[www.britannica.com/money/socially-responsible-investing.html]
[cdn.britannica.com/85/235385-159-476BCD86/Wind-turbine-energy-generaters-on-wind-farmdec9.jpg]
[www.britannica.com/money/investing.html]
[www.britannica.com/topic/Nobel-Prize.html]
[www.britannica.com/biography/Alfred-Nobel3993.html]
[www.britannica.com/story/how-do-you-get-a-nobel-prizeedd4.html]
[www.britannica.com/list/7-nobel-prize-scandalsc52b.html]
[www.britannica.com/biography/Jean-Paul-Sartre6e04.html]
[www.britannica.com/biography/Le-Duc-Tho.html]
[www.britannica.com/biography/Henry-Kissinger.html]
[www.britannica.com/quiz/nobel-prize9919.html]
[www.britannica.com/place/Brazil/Kubitscheks-administration.html]
[www.britannica.com/biography/Jair-Bolsonaro.html]
[www.britannica.com/biography/Luiz-Inacio-Lula-da-Silva.html]
[www.britannica.com/biography/Jair-Bolsonaro335f.html]
[cdn.britannica.com/20/236020-050-4743BC79/Jair-Bolsonaro-campaign-rally-Divinopolis-Brazil-September-26-20221ff4.jpg]
[www.britannica.com/biography/Luiz-Inacio-Lula-da-Silva6724.html]
[cdn.britannica.com/19/236019-050-95AE187E/Luiz-Inacio-Lula-da-Silva-rally-Sao-Paulo-September-24-20226546.jpg]
[www.britannica.com/event/Petrobras-scandal4dcc.html]
[cdn.britannica.com/81/193181-050-3059681B/Protesters-crisis-Brazil-corruption-scandal-ouster-parade-March-13-20166546.jpg]
[www.britannica.com/biography/John-Wayne-Gacy.html]
[www.britannica.com/biography/Marilyn-Monroe.html]
[www.britannica.com/place/Pisces.html]
[www.britannica.com/place/Nigeria.html]
[www.britannica.com/event/Hurricane-Katrina.html]
[www.britannica.com/topic/horoscope.html]
[www.britannica.com/topic/list-of-serial-killers-2026519.html]
[www.britannica.com/biography/Mahatma-Gandhi.html]
[www.britannica.com/topic/serial-murder.html]
[www.britannica.com/topic/Dussehra.html]
[www.britannica.com/story/pro-and-con-school-uniforms.html]
[www.britannica.com/story/how-fast-is-the-worlds-fastest-human.html]
[www.britannica.com/story/what-is-a-hurricane-storm-surge-and-why-is-it-so-dangerous.html]
[www.britannica.com/story/why-are-there-nine-justices-on-the-us-supreme-court.html]
[www.britannica.com/story/is-african-american-vernacular-english-a-language.html]
[www.britannica.com/story/what-is-the-most-widely-practiced-religion-in-the-world.html]
[www.britannica.com/story/the-time-julius-caesar-was-captured-by-pirates.html]
[www.britannica.com/story/why-do-we-celebrate-halloween.html]
[www.britannica.com/story/the-effects-of-chinas-one-child-policy.html]
[www.britannica.com/story/gun-control-in-the-us.html]
[www.britannica.com/list/7-of-historys-most-notorious-serial-killers.html]
[www.britannica.com/list/7-unique-burial-rituals-across-the-world.html]
[www.britannica.com/list/11-egyptian-gods-and-goddesses.html]
[www.britannica.com/list/inventors-and-inventions-of-the-industrial-revolution.html]
[www.britannica.com/list/5-components-of-information-systems.html]
[www.britannica.com/list/6-of-the-worlds-deadliest-natural-disasters.html]
[www.britannica.com/list/12-greek-gods-and-goddesses.html]
[www.britannica.com/list/6-cell-organelles.html]
[www.britannica.com/list/10-of-the-most-famous-endangered-species.html]
[www.britannica.com/list/10-famous-artworks-by-leonardo-da-vinci.html]
[www.britannica.com/money/retirement.html]
[www.britannica.com/money/401k-plan.html]
[cdn.britannica.com/95/234695-159-6B366B50/gardner-hands-seedling-into-the-soilf405.jpg]
[www.britannica.com/money/what-are-stablecoins.html]
[cdn.britannica.com/12/235212-159-06B6A83D/Screen-of-a-computer-with-the-curves-of-an-electrocardiogramf405.jpg]
[www.britannica.com/money/what-is-a-credit-score.html]
[cdn.britannica.com/21/234821-159-34D68303/two-friends-sitting-indoors-credit-scoref405.jpg]
[cdn.britannica.com/59/235559-159-8D13CDB7/man-looking-under-car-hoodf405.jpg]
[www.britannica.com/money/earnings-per-share.html]
[www.britannica.com/quiz/capital-cities-of-the-world-quiz.html]
[cdn.britannica.com/05/124605-131-977A8DEB/Cathedral-Plaza-de-Armas-Lima-Peru9a9f.jpg]
[www.britannica.com/quiz/which-country-is-larger-by-area-quiz.html]
[cdn.britannica.com/95/168695-131-11055CC5/Geography-Something-globe-Europe-Eurasia-Africa9a9f.jpg]
[www.britannica.com/quiz/us-state-capitals-quiz.html]
[cdn.britannica.com/89/93889-131-E152B1EA/Quincy-Market-Faneuil-Hall-Boston9a9f.jpg]
[www.britannica.com/quiz/periodic-table-of-the-elements.html]
[cdn.britannica.com/05/5705-131-27D33D77/subshells-elements-Periodic-table-column-Z-atomic9a9f.jpg]
[www.britannica.com/quiz/the-american-revolution.html]
[cdn.britannica.com/76/4476-131-8B059CD0/Betsy-Ross-legend-flag9a9f.jpg]
[www.britannica.com/quiz/european-capitals-quiz.html]
[cdn.britannica.com/31/94531-131-A6E89842/Brandenburg-Gate-Berlin9a9f.jpg]
[www.britannica.com/quiz/womens-history-famous-firsts.html]
[cdn.britannica.com/09/161409-131-92535DEA/Amelia-Earhart-top-autogiro-flight-Los-Angeles9a9f.jpg]
[www.britannica.com/quiz/presidents-of-the-united-states-quiz.html]
[cdn.britannica.com/62/116062-131-AE1A48A7/Abraham-Lincoln-president-Feby-Chr-Lithograph-Kimmel-April-15th-18659a9f.jpg]
[www.britannica.com/quiz/soldiers-in-petticoats-fact-or-fiction.html]
[cdn.britannica.com/52/172652-131-F8AE4EBC/Suffragettes-signs-London-19129a9f.jpg]
[www.britannica.com/quiz/womens-history-leaders-quiz.html]
[cdn.britannica.com/38/216238-131-8B529E0C/Congresswoman-Shirley-Chisholm-Democratic-National-Convention-Miami-Beach-Florida-July-12-19729a9f.jpg]
[www.britannica.com/videos.html]
[www.britannica.com/video/235371/did-you-know-King-Charles-III.html]
[cdn.britannica.com/71/235371-138-8D7BE79B/did-you-know-King-Charles-III9a9f.jpg]
[www.britannica.com/video/231033/who-was-Nikoa-Tesla.html]
[cdn.britannica.com/33/231033-138-76B29C38/who-was-Nikoa-Tesla9a9f.jpg]
[www.britannica.com/video/232818/did-you-know-history-of-the-internet.html]
[cdn.britannica.com/18/232818-138-70B30930/did-you-know-history-of-the-internet9a9f.jpg]
[www.britannica.com/video/232456/who-was-Hiram-Revels.html]
[cdn.britannica.com/56/232456-138-043ABF8C/who-was-Hiram-Revels9a9f.jpg]
[www.britannica.com/video/233764/who-was-Shirley-Chisholm.html]
[cdn.britannica.com/64/233764-138-1B18835A/who-was-Shirley-Chisholm9a9f.jpg]
[www.britannica.com/video/235199/Sam-Mihara-interview-Japanese-American-imprisonment.html]
[cdn.britannica.com/99/235199-138-4F8B575A/Sam-Mihara-interview-Japanese-American-imprisonment9a9f.jpg]
[www.britannica.com/video/233660/Sam-Mihara-interview-Japanese-American-imprisonment.html]
[cdn.britannica.com/60/233660-138-0F81BB58/Sam-Mihara-interview-Japanese-American-imprisonment9a9f.jpg]
[www.britannica.com/video/233661/Sam-Mihara-interview-Japanese-American-imprisonment.html]
[cdn.britannica.com/61/233661-138-70CEB987/Sam-Mihara-interview-Japanese-American-imprisonment9a9f.jpg]
[www.britannica.com/video/232539/did-you-know-Bernie-Madoff-Ponzi-scheme.html]
[cdn.britannica.com/39/232539-138-2D8ECEBE/did-you-know-Bernie-Madoff-Ponzi-scheme9a9f.jpg]
[www.britannica.com/video/232571/who-was-Jose-Rizal.html]
[cdn.britannica.com/71/232571-138-C8B86C8A/who-was-Jose-Rizal9a9f.jpg]
[www.britannica.com/video/232775/who-was-Eric-Carle.html]
[cdn.britannica.com/75/232775-138-DB1D1FF6/who-was-Eric-Carle9a9f.jpg]
[www.britannica.com/video/233626/Sam-Mihara-interview-Japanese-American-imprisonment.html]
[cdn.britannica.com/26/233626-138-230511F6/Sam-Mihara-interview-Japanese-American-imprisonment9a9f.jpg]
[www.britannica.com/video/233627/Sam-Mihara-interview-Japanese-American-imprisonment.html]
[cdn.britannica.com/27/233627-138-9FF87CA2/Sam-Mihara-interview-Japanese-American-imprisonment9a9f.jpg]
[www.britannica.com/video/233659/Sam-Mihara-interview-Japanese-American-imprisonment.html]
[cdn.britannica.com/59/233659-138-B07D8E68/Sam-Mihara-interview-Japanese-American-imprisonment9a9f.jpg]
[www.britannica.com/video/232113/how-do-countries-pick-their-capital-cities.html]
[cdn.britannica.com/13/232113-138-1B3CDE4D/how-do-countries-pick-their-capital-cities9a9f.jpg]
[www.britannica.com/video/232195/who-was-Mae-Jemison.html]
[cdn.britannica.com/95/232195-138-3E199DA9/who-was-Mae-Jemison9a9f.jpg]
[www.britannica.com/video/232228/did-you-know-constellations.html]
[cdn.britannica.com/28/232228-138-552165BA/did-you-know-constellations9a9f.jpg]
[www.britannica.com/video/232458/who-was-Galileo.html]
[cdn.britannica.com/58/232458-138-37E25983/who-was-Galileo9a9f.jpg]
[www.britannica.com/video/232096/did-you-know-Amistad-Mutiny.html]
[cdn.britannica.com/96/232096-138-3AFBF80E/did-you-know-Amistad-Mutiny9a9f.jpg]
[www.britannica.com/video/232344/did-you-know-Protestant-Reformation.html]
[cdn.britannica.com/44/232344-138-2B931304/did-you-know-Protestant-Reformation9a9f.jpg]
[www.britannica.com/video/232047/who-was-Edgar-Allan-Poe.html]
[cdn.britannica.com/47/232047-138-2BB2F0D2/who-was-Edgar-Allan-Poe9a9f.jpg]
[www.britannica.com/video/232069/Who-was-Hank-Aaron.html]
[cdn.britannica.com/69/232069-138-413E7214/Who-was-Hank-Aaron9a9f.jpg]
[www.britannica.com/video/230734/did-you-know-Sequoyah-Cherokee-writing-system.html]
[cdn.britannica.com/34/230734-138-35FD851F/did-you-know-Sequoyah-Cherokee-writing-system9a9f.jpg]
[www.britannica.com/video/222608/britannica-insights-Gitanjali-Rao-water-crisis.html]
[cdn.britannica.com/08/222608-138-C67872D6/britannica-insights-Gitanjali-Rao-water-crisis9a9f.jpg]
[www.britannica.com/video/222414/Britannica-insights-climate-change.html]
[cdn.britannica.com/14/222414-138-4A884AB2/Britannica-insights-climate-change9a9f.jpg]
[www.britannica.com/video/222610/britannica-insights-Phil-the-Fixer-renewable-energy.html]
[cdn.britannica.com/10/222610-138-9BD93BEA/britannica-insights-Phil-the-Fixer-renewable-energy9a9f.jpg]
[www.britannica.com/video/222609/britannica-insights-Enrique-Salmon-biodiversity-loss.html]
[cdn.britannica.com/09/222609-138-E72AAC57/britannica-insights-Enrique-Salmon-biodiversity-loss9a9f.jpg]
[www.britannica.com/video/223236/did-you-know-Sparta.html]
[cdn.britannica.com/36/223236-138-5455CB9D/did-you-know-Sparta9a9f.jpg]
[www.britannica.com/video/230753/who-was-Stephen-Sondheim.html]
[cdn.britannica.com/53/230753-138-AF85B152/who-was-Stephen-Sondheim9a9f.jpg]
[www.britannica.com/video/230781/who-was-Karl-Marx.html]
[cdn.britannica.com/81/230781-138-7D9CB7F2/who-was-Karl-Marx9a9f.jpg]
[www.britannica.com/topic/Our-Lady-of-Guadalupe-patron-saint-of-Mexicoe065.html]
[cdn.britannica.com/52/197752-050-821F48D9/Virgin-of-Guadalupe-oil-canvas-collection-Antonio-17209a9f.jpg]
[www.britannica.com/biography/Mary-mother-of-Jesus.html]
[www.britannica.com/biography/Miguel-Hidalgo-y-Costilla.html]
[www.britannica.com/biography/Francisco-de-Miranda656c.html]
[cdn.britannica.com/00/195200-050-674263369a9f.jpg]
[www.britannica.com/biography/George-Washington.html]
[www.britannica.com/biography/Simon-Bolivar.html]
[cdn-dev.britannica.com/mendel/eb-logo/b-50-pb5.png]
[www.britannica.com/one-good-fact/all-good-facts.html]
[cdn.britannica.com/04/167104-050-A0D0F7269a9f.jpg]
[www.britannica.com/art/jazz.html]
[www.britannica.com/story/how-american-singer-actor-and-civil-rights-activist-paul-robeson-became-a-hero-inchina.html]
[www.britannica.com/story/why-do-people-eat-cereal-with-milk.html]
[cdn.britannica.com/17/2317-050-758D0E55/World-map-descriptions-Herodotus-Black-Sea9a9f.jpg]
[www.britannica.com/topic/Plains-Indian.html]
[www.britannica.com/quiz/passage-through-india.html]
[www.britannica.com/quiz/explore-india.html]
[cdn.britannica.com/07/192107-050-CE043374/anatomy-charts-human-body-muscle-systems-skeletal9a9f.jpg]
[www.britannica.com/science/human-disease.html]
[www.britannica.com/quiz/doctor-who.html]
[www.britannica.com/quiz/name-that-surgery.html]
[cdn.britannica.com/11/195611-131-4DFC1336/Belgian-pride-parade-People-streets-flags-Brussels-20179a9f.jpg]
[www.britannica.com/topic/interest-group.html]
[www.britannica.com/quiz/o-canada.html]
[www.britannica.com/quiz/nobel-prize.html]
[cdn.britannica.com/44/172844-131-9695C31F/word-communication-stress-accent-letters-syllable9a9f.jpg]
[www.britannica.com/art/Southeast-Asian-arts.html]
[www.britannica.com/quiz/memorable-beginnings-vol-1-match-the-opening-line-to-the-work.html]
[www.britannica.com/quiz/memorable-beginnings-vol-2-match-the-opening-line-to-the-work.html]
[cdn.britannica.com/95/180595-050-EDF2CA3A9a9f.jpg]
[www.britannica.com/topic/Hinduism.html]
[www.britannica.com/story/what-is-the-islamic-new-year-a-scholar-of-religionexplains.html]
[www.britannica.com/story/the-trolley-dilemma-would-you-kill-one-person-to-savefive.html]
[cdn.britannica.com/22/99622-050-E70BCD0A/Parthenon-Athens9a9f.jpg]
[www.britannica.com/topic/procedural-law.html]
[www.britannica.com/story/what-is-gerrymandering.html]
[www.britannica.com/list/6-oddly-named-us-government-operations.html]
[cdn.britannica.com/86/193986-050-7B2DBB6A/ball-and-stick-model-structure-atoms9a9f.jpg]
[www.britannica.com/science/radiation.html]
[www.britannica.com/list/7-important-dates-in-jupiter-history.html]
[www.britannica.com/quiz/branches-of-genetics.html]
[cdn.britannica.com/13/170713-131-8D6B0AF79a9f.jpg]
[www.britannica.com/topic/number-game.html]
[www.britannica.com/quiz/association-football.html]
[www.britannica.com/quiz/the-olympics.html]
[cdn.britannica.com/84/203584-131-357FBE7D/speed-internet-technology-background9a9f.jpg]
[www.britannica.com/technology/instrumentation-technology.html]
[www.britannica.com/list/influential-computer-programming-languages.html]
[www.britannica.com/story/what-is-known-and-not-known-about-area-51.html]
[cdn.britannica.com/45/24345-050-78FAA1049a9f.jpg]
[www.britannica.com/topic/modern-art-to-1945-2080464.html]
[www.britannica.com/quiz/can-you-guess-if-these-famous-paintings-are-in-new-york-city-or-not.html]
[www.britannica.com/quiz/how-much-do-you-know-about-the-art-and-architecture-in-sweden.html]
[cdn.britannica.com/05/84505-050-8BB58BE6/cave-art-Ennedi-Plateau-Chad9a9f.jpg]
[www.britannica.com/event/Thirty-Years-War.html]
[www.britannica.com/quiz/world-wars.html]
[www.britannica.com/quiz/history-fact-or-fiction.html]
[www.britannica.com/reviews.html]
[www.britannica.com/sitemap.html]
[www.britannica.com/new-articles.html]
[www.britannica.com/explore/savingearth/advocacy/index.html]
[insitez.blob.core.windows.net/site/f780f33e-a610-4ac2-af81-3eb184037547.js]
[www.britannica.com/index.html]
[cdn.britannica.com/mendel-resources/3-72/dist/vendor-bundle6f76.css]
[cdn.britannica.com/mendel-resources/3-72/js/libs/jquery-3.5.0.min6f76.js]
[cdn.britannica.com/mendel-resources/3-72/images/footer/background.png]
[cdn.britannica.com/mendel-resources/3-72/images/footer/mw-logo.gif]
[cdn.britannica.com/mendel-resources/3-72/images/shared/ajax.gif]
[cdn.britannica.com/mendel-resources/3-72/images/shared/mobile-comments-logged-in.png]
[cdn.britannica.com/mendel-resources/3-72/images/shared/nsprites24.png]
[cdn.britannica.com/mendel-resources/3-72/dist/mendel-css6f76.css]
[cdn.britannica.com/mendel-resources/3-72/dist/home-page6f76.css]
[www.googletagmanager.com/gtm5445.html]
[merriam-webster.com/assets/ld/logos/LearnersLogo.png]
[www.britannica.com/opensearch.xml]
[www.britannica.com/favicon.ico]
[www.britannica.com/dictionary/eb/vendor/normalize.2.1.2/normalize.min.css]
[www.britannica.com/dictionary/eb/vendor/font-awesome-4.0.3/css/font-awesome.min.css]
[www.britannica.com/dictionary/eb/vendor/amodal_1.6.5/amodal.min.css]
[www.britannica.com/dictionary/eb/vendor/jquery-ui-1.10.3.custom/css/smoothness/jquery-ui-1.10.3.custom.min.css]
[www.britannica.com/dictionary/eb/css/shared/mw_style.0001.css]
[www.britannica.com/dictionary/eb/css/shared/utils.0002.css]
[www.britannica.com/dictionary/eb/css/shared/reusable.0002.css]
[www.britannica.com/dictionary/eb/css/shared/resets.0001.css]
[www.britannica.com/dictionary/eb/css/main_template.0018.css]
[includemodal.global.ssl.fastly.net/sp.js]
[www.britannica.com/dictionary/eb/vendor/modernizr.2.7.1/modernizr.custom.95871.js]
[www.googletagservices.com/tag/js/gpt.js]
[www.britannica.com/dictionary/eb/vendor/jquery.1.11.2/jquery-1.11.2.min.js]
[www.britannica.com/dictionary/eb/vendor/requirejs.2.1.6/require.min.js]
[www.britannica.com/dictionary/eb/images/logos/LearnersLogo.png]
[www.britannica.com/dictionary/eb/images/m_menu/ld_menu_icon_home_teal.png]
[www.britannica.com/dictionary/eb/images/m_menu/ld_menu_icon_qa_teal.png]
[www.britannica.com/dictionary/eb/vendor/index.html]
[www.britannica.com/dictionary/eb/qa/archives.html]
[www.britannica.com/dictionary/eb/images/m_menu/ld_menu_icon_cal_teal.png]
[www.britannica.com/dictionary/eb/word-of-the-day.html]
[www.britannica.com/dictionary/eb/images/m_menu/ld_menu_icon_vocabquiz_teal.png]
[www.britannica.com/dictionary/eb/quizzes.html]
[www.britannica.com/dictionary/eb/images/m_menu/ld_menu_icon_3k_teal.png]
[www.britannica.com/dictionary/eb/3000-words.html]
[www.britannica.com/dictionary/eb/images/m_menu/ld_menu_icon_dictionary.svg]
[www.britannica.com/dictionary/eb/css/home.0003.css]
[www.britannica.com/dictionary/eb/browse/a.html]
[www.britannica.com/dictionary/eb/css/wod/home_widget.0002.css]
[merriam-webster.com/assets/ld/word_of_the_day/images/5489/thumb.jpg]
[www.britannica.com/dictionary/eb/css/qa/home_widget.0004.css]
[www.britannica.com/dictionary/eb/images/qa/q.0001.png]
[www.britannica.com/dictionary/eb/qa/The-Meaning-of-Looking-Forward-to-Something-.html]
[www.britannica.com/dictionary/eb/images/qa/a.0001.png]
[www.britannica.com/dictionary/eb/css/quizzes/homepage.0001.css]
[www.britannica.com/dictionary/eb/quiz/vocabulary-start.html]
[www.britannica.com/dictionary/eb/images/quizzes/vocabulary-quiz-70x55.gif]
[www.britannica.com/dictionary/eb/quiz/name-that-thing-start.html]
[www.britannica.com/dictionary/eb/images/quizzes/name-that-thing-70x55.gif]
[www.britannica.com/dictionary/eb/css/mp/home.0002.css]
[www.britannica.com/dictionary/eb/most-popular-words.html]
[www.britannica.com/dictionary/RSVP.html]
[www.britannica.com/dictionary/fascism.html]
[www.britannica.com/dictionary/R.I.P.html]
[www.britannica.com/dictionary/c/o.html]
[www.britannica.com/dictionary/NB.html]
[www.britannica.com/dictionary/a.html]
[www.britannica.com/dictionary/BCE.html]
[www.britannica.com/dictionary/AD.html]
[www.britannica.com/dictionary/rantings.html]
[www.britannica.com/dictionary/TLC.html]
[www.britannica.com/dictionary/maiden-name.html]
[www.britannica.com/dictionary/eb/images/promos/Nglish_AppyAward_promo.jpg]
[www.britannica.com/dictionary/eb/help/ipa.html]
[www.britannica.com/dictionary.html]
[www.britannica.com/dictionary/eb/help/all.html]
[cdn.britannica.com/mendel-resources/3-72/dist/quiz-browse-page6f76.css]
[www.britannica.com/quiz/browse/Entertainment-Pop-Culture.html]
[www.britannica.com/quiz/browse/Geography-Travel.html]
[www.britannica.com/quiz/browse/Health-Medicine.html]
[www.britannica.com/quiz/browse/Lifestyles-Social-Issues.html]
[www.britannica.com/quiz/browse/Literature.html]
[www.britannica.com/quiz/browse/Philosophy-Religion.html]
[www.britannica.com/quiz/browse/Politics-Law-Government.html]
[www.britannica.com/quiz/browse/Science.html]
[www.britannica.com/quiz/browse/Sports-Recreation.html]
[www.britannica.com/quiz/browse/Technology.html]
[www.britannica.com/quiz/browse/Visual-Arts.html]
[www.britannica.com/quiz/browse/World-History.html]
[www.britannica.com/quiz/a-world-of-food.html]
[cdn.britannica.com/88/234288-131-7D782036/Ceviche-Cuisine-food9dbb.jpg]
[www.britannica.com/quiz/disney-quiz.html]
[cdn.britannica.com/61/189361-131-C9E80A5C/Cinderella-Castle-Magic-Kingdom-Disney-World-Orlando-Florida9dbb.jpg]
[www.britannica.com/quiz/monsters-ghouls-and-ghosts-quiz.html]
[cdn.britannica.com/03/197003-131-F0327079/Frankenstein-Boris-Karloff-James-Whale9dbb.jpg]
[www.britannica.com/quiz/france-a-history-quiz.html]
[cdn.britannica.com/82/682-131-E8E714E4/Flag-France9dbb.jpg]
[www.britannica.com/quiz/i-am-the-greatest-athlete.html]
[cdn.britannica.com/55/235355-131-5EA8CFD4/Usain-Bolt-Jamaica-gold-medal-breaking-world-record-200m-Beijing-Summer-Olympics-August-20-20089dbb.jpg]
[www.britannica.com/quiz/classic-childrens-books.html]
[cdn.britannica.com/68/170468-131-B4B775E5/Book-jacket-Eric-Carle-The-Very-Hungry-19699dbb.jpg]
[www.britannica.com/quiz/commonly-confused-words-vocabulary-quiz.html]
[cdn.britannica.com/51/233851-131-826D68BD/Yellow-thinking-face-emoji-icon9dbb.jpg]
[www.britannica.com/quiz/figure-out-the-acronyms-asap-vocabulary-quiz.html]
[cdn.britannica.com/99/233899-131-74D675B9/Yellow-transportation-sign-with-ASAP-sky-background9dbb.jpg]
[www.britannica.com/quiz/face-your-fears-vocabulary-quiz.html]
[cdn.britannica.com/07/233907-131-37EF352F/Illustration-of-a-laughing-clown9dbb.jpg]
[www.britannica.com/quiz/whats-on-the-menu-vocabulary-quiz.html]
[cdn.britannica.com/57/233857-131-6EDF46A6/Chef-tossing-vegetables-frying-pan9dbb.jpg]
[www.britannica.com/quiz/the-great-british-vocabulary-quiz.html]
[cdn.britannica.com/50/233850-131-24CACAB8/Artwork-British-Union-Jack-in-speech-bubble9dbb.jpg]
[www.britannica.com/quiz/words-named-after-people-vocabulary-quiz.html]
[cdn.britannica.com/54/233854-131-DD6404EB/Hello-My-Name-is-badge-sticker9dbb.jpg]
[www.britannica.com/quiz/slang-through-the-ages-vocabulary-quiz.html]
[cdn.britannica.com/52/233852-131-8770BC17/YOLO-You-Only-Live-Once-repeated-on-purple-background9dbb.jpg]
[www.britannica.com/quiz/challenging-words-you-should-know-vocabulary-quiz.html]
[cdn.britannica.com/53/233853-131-740ABBA4/Hedgehog-on-open-book9dbb.jpg]
[www.britannica.com/quiz/oscar-worthy-movie-trivia.html]
[cdn.britannica.com/23/114923-131-785286EA/projection-screen-movie-theater-cinema9dbb.jpg]
[www.britannica.com/quiz/spanish-idioms-in-english.html]
[cdn.britannica.com/83/234583-131-646993AF/Man-in-suit-walking-on-eggshells9dbb.jpg]
[www.britannica.com/quiz/famous-nicknames.html]
[cdn.britannica.com/45/230545-131-C2FF9417/model-T-Ford-motor-car-outside-a-suburban-house-19249dbb.jpg]
[www.britannica.com/quiz/american-mobsters-quiz.html]
[cdn.britannica.com/77/134777-131-BD10490B/Frank-Costello-committee-US-Senate-Estes-Kefauver-19519dbb.jpg]
[www.britannica.com/quiz/great-moments-in-sports-quiz.html]
[cdn.britannica.com/74/234474-131-7CBD1A96/Serena-Williams-womens-single-trophy-Australian-Open-Januray-28-20179dbb.jpg]
[www.britannica.com/quiz/marvel-or-dc.html]
[cdn.britannica.com/43/234343-131-2D2EB6B0/Mr-Freeze-Arnold-Schwarzenegger-Batman-Robin-19979dbb.jpg]
[www.britannica.com/quiz/gods-goddesses-and-greek-mythology.html]
[cdn.britannica.com/04/181704-131-39B53F61/Education-of-Achilles-canvas-James-Barry-New-17729dbb.jpg]
[www.britannica.com/quiz/sports-moments-nicknames-quiz.html]
[cdn.britannica.com/49/196049-131-29A47509/Bobby-Riggs-Billie-Jean-King-Battle-of-September-20-19739dbb.jpg]
[www.britannica.com/quiz/world-war-i-quiz.html]
[cdn.britannica.com/28/201028-131-A812572C/American-infantry-Varennes-France1918-World-War-I9dbb.jpg]
[www.britannica.com/quiz/2000s-music-quiz.html]
[cdn.britannica.com/27/198427-131-BC622F5B/Green-Day9dbb.jpg]
[www.britannica.com/quiz/english-men-of-distinction-fact-or-fiction.html]
[cdn.britannica.com/23/168923-131-EA9C6342/Knights-crowd-sword-of-the-Round-Table1ef1.jpg]
[www.britannica.com/quiz/exploring-italy-and-france-fact-or-fiction.html]
[cdn.britannica.com/60/94460-131-FD0457B8/France-Paris-Eiffel-Tower-angle-view1ef1.jpg]
[www.britannica.com/quiz/charlemagne-fact-or-fiction.html]
[cdn.britannica.com/97/122197-131-A0A22169/Charlemagne-chromolithograph9217.jpg]
[www.britannica.com/quiz/nautical-exploration-and-aviation-fact-or-fiction.html]
[cdn.britannica.com/00/172000-131-446BC065/Postcard-Robert-Falcon-Scott-British9217.jpg]
[www.britannica.com/quiz/european-exploration-fact-or-fiction.html]
[cdn.britannica.com/63/168663-131-59C19755/ship-Explorer-fish-sharks-Do-You-Want9217.jpg]
[www.britannica.com/quiz/southeast-asia-fact-or-fiction.html]
[cdn.britannica.com/45/114445-131-7A7D9353/Corazon-Aquino-19869217.jpg]
[www.britannica.com/quiz/countries-and-capitals-quiz.html]
[www.britannica.com/quiz/periodic-table-names-symbols-quiz.html]
[www.britannica.com/quiz/browse.html]
[www.britannica.com/quiz/the-human-body.html]
[www.britannica.com/money/_next/static/css/af4511198fcf9410.css]
[www.britannica.com/money/_next/static/css/121c00d53a15d499.css]
[www.britannica.com/money/_next/static/chunks/polyfills-c67a75d1b6f99dc8.js]
[www.britannica.com/money/_next/static/chunks/webpack-b5d338a0f2adbe4d.js]
[www.britannica.com/money/_next/static/chunks/framework-4556c45dd113b893.js]
[www.britannica.com/money/_next/static/chunks/main-dda3f5d9d353daea.js]
[www.britannica.com/money/_next/static/chunks/pages/_app-c084a86fa9355051.js]
[www.britannica.com/money/_next/static/chunks/33-e55cab796faf2d46.js]
[www.britannica.com/money/_next/static/chunks/929-9dc2f5a0771abe89.js]
[www.britannica.com/money/_next/static/chunks/pages/index-fc99e06490116092.js]
[www.britannica.com/money/_next/static/aIrJBC_e3cR3REoL1CIHy/_buildManifest.js]
[www.britannica.com/money/_next/static/aIrJBC_e3cR3REoL1CIHy/_ssgManifest.js]
[www.britannica.com/money/author/douglas-ashburn/12849777.html]
[cdn.britannica.com/cam/profile/dff3920e-84d8-4481-90e8-ee6a435c3c07_1.jpg]
[www.britannica.com/money/what-is-the-50-30-20-rule.html]
[cdn.britannica.com/00/234700-159-DBB154B5/50-30-20-rule-composite-imagec7b4.jpg]
[www.britannica.com/money/paying-for-college.html]
[www.britannica.com/money/investment-types.html]
[www.britannica.com/money/ira-vs-401k.html]
[www.britannica.com/money/college-savings-plans.html]
[cdn.britannica.com/43/235743-159-61789B60/Baby-preschool-grad-wearing-cap-gown-holding-hands-with-mom-dadc7b4.jpg]
[www.britannica.com/money/using-emergency-savings-emergency-loan.html]
[www.britannica.com/money/how-to-buy-a-car.html]
[www.britannica.com/money/fixed-vs-variable-rate-mortgage.html]
[www.britannica.com/money/what-is-compounding.html]
[cdn.britannica.com/23/234823-159-2C442C60/American-dollar-and-stop-watchc7b4.jpg]
[www.britannica.com/money/what-is-the-yield-curve.html]
[www.britannica.com/money/market-capitalization.html]
[www.britannica.com/money/using-a-financial-advisor.html]
[www.britannica.com/money/what-is-annuity.html]
[cdn.britannica.com/74/235374-159-0CAD569C/Business-accounting-accountc7b4.jpg]
[www.britannica.com/money/estate-planning-basics.html]
[www.britannica.com/money/financial-independence-retire-early.html]
[www.britannica.com/money/financing-a-car.html]
[www.britannica.com/money/buying-a-house-vs-renting.html]
[www.britannica.com/money/esg-investing-trends.html]
[www.britannica.com/money/what-is-a-robo-advisor.html]
[www.britannica.com/money/rollover-ira-401k-options.html]
[www.britannica.com/money/identity-theft-protection.html]
[www.britannica.com/money/stock-sector-performance.html]
[www.britannica.com/money/dividend-investing-strategy.html]
[www.britannica.com/money/what-are-mutual-funds.html]
[www.britannica.com/money/target-date-fund.html]
[www.britannica.com/money/what-is-a-futures-contract.html]
[www.britannica.com/money/retirement-job-income.html]
[www.britannica.com/money/about.html]
[cdn.britannica.com/money/assets/bmoney-bluelightlogo-2x179b.png]
[www.britannica.com/money.html]
[www.britannica.com/browse/Actors.html]
[www.britannica.com/biography/Robert-Downey-Jr.html]
[www.britannica.com/biography/Halle-Berry.html]
[www.britannica.com/biography/Shah-Rukh-Khan.html]
[www.britannica.com/browse/Comic-Strip-Superhero.html]
[www.britannica.com/topic/Aquaman.html]
[www.britannica.com/topic/the-Avengers-superhero-team.html]
[www.britannica.com/topic/Superman-fictional-character.html]
[www.britannica.com/browse/Dance.html]
[www.britannica.com/art/Chinese-performing-arts.html]
[www.britannica.com/biography/Mikhail-Baryshnikov.html]
[www.britannica.com/biography/Misty-Copeland.html]
[www.britannica.com/browse/Entertainment-Awards.html]
[www.britannica.com/art/Golden-Globe-Award.html]
[www.britannica.com/art/Academy-Award.html]
[www.britannica.com/art/Juno-Award.html]
[www.britannica.com/browse/Food.html]
[www.britannica.com/topic/beer.html]
[www.britannica.com/science/sugar-chemical-compound.html]
[www.britannica.com/topic/fruit-processing.html]
[www.britannica.com/browse/Leisure-Nightlife.html]
[www.britannica.com/sports/golf.html]
[www.britannica.com/topic/chess.html]
[www.britannica.com/browse/Movies.html]
[www.britannica.com/topic/The-Hurt-Locker.html]
[www.britannica.com/topic/Crash-film-by-Haggis.html]
[www.britannica.com/topic/Titanic-film-1997.html]
[www.britannica.com/browse/Movie-TV-Stage-Directors.html]
[www.britannica.com/biography/Robert-Altman.html]
[www.britannica.com/biography/Penny-Marshall.html]
[www.britannica.com/biography/Mervyn-LeRoy.html]
[www.britannica.com/browse/Classical-Music.html]
[www.britannica.com/biography/Pyotr-Ilyich-Tchaikovsky.html]
[www.britannica.com/art/opera-music.html]
[www.britannica.com/biography/Johann-Sebastian-Bach.html]
[www.britannica.com/browse/Contemporary-Music.html]
[www.britannica.com/biography/Michael-Buble-Canadian-singer.html]
[www.britannica.com/biography/Christina-Aguilera.html]
[www.britannica.com/biography/Rihanna.html]
[www.britannica.com/browse/Music-Theory.html]
[www.britannica.com/art/singing.html]
[www.britannica.com/art/improvisation-music.html]
[www.britannica.com/art/musical-composition.html]
[www.britannica.com/browse/Musical-Instruments.html]
[www.britannica.com/art/trumpet.html]
[www.britannica.com/art/bell-musical-instrument.html]
[www.britannica.com/art/organ-musical-instrument.html]
[www.britannica.com/browse/Television-Radio.html]
[www.britannica.com/topic/Motorola-Inc.html]
[www.britannica.com/topic/Philips.html]
[www.britannica.com/topic/Saturday-Night-Live.html]
[www.britannica.com/browse/Movie-TV-Stage-Development-Production.html]
[www.britannica.com/browse/Entertainment-Pop-Culture.html]
[www.britannica.com/browse/Geography-Travel.html]
[www.britannica.com/browse/Health-Medicine.html]
[www.britannica.com/browse/Lifestyles-Social-Issues.html]
[www.britannica.com/browse/Literature.html]
[www.britannica.com/browse/Philosophy-Religion.html]
[www.britannica.com/browse/Politics-Law-Government.html]
[www.britannica.com/browse/Science.html]
[www.britannica.com/browse/Sports-Recreation.html]
[www.britannica.com/browse/Technology.html]
[www.britannica.com/browse/Visual-Arts.html]
[www.britannica.com/browse/World-History.html]
[www.britannica.com/on-this-day.html]
[www.britannica.com/podcasts.html]
[www.britannica.com/biographies.html]
[www.britannica.com/summary.html]
[www.britannica.com/question.html]
[www.britannica.com/week-in-review.html]
[www.britannica.com/study/infographics.html]
[www.britannica.com/stories/demystified.html]
[www.britannica.com/list/browse.html]
[www.britannica.com/stories/wtfact.html]
[www.britannica.com/stories/companion.html]
[www.britannica.com/gallery/browse.html]
[www.britannica.com/stories/spotlight.html]
[www.britannica.com/stories/the-forum.html]
[www.britannica.com/one-good-fact.html]
[www.britannica.com/videos/Entertainment-Pop-Culture.html]
[www.britannica.com/videos/Geography-Travel.html]
[www.britannica.com/videos/Health-Medicine.html]
[www.britannica.com/videos/Lifestyles-Social-Issues.html]
[www.britannica.com/videos/Literature.html]
[www.britannica.com/videos/Philosophy-Religion.html]
[www.britannica.com/videos/Politics-Law-Government.html]
[www.britannica.com/videos/Science.html]
[www.britannica.com/videos/Sports-Recreation.html]
[www.britannica.com/videos/Technology.html]
[www.britannica.com/videos/Visual-Arts.html]
[www.britannica.com/videos/World-History.html]
[www.britannica.com/videos/britannica-classics.html]
[www.britannica.com/videos/explains.html]
[www.britannica.com/videos/demystified.html]
[www.britannica.com/videos/wtfact.html]
[www.britannica.com/videos/this-week-in-history.html]
[www.britannica.com/study/index.html]
[www.britannica.com/explore/savingearth/covid-19/index.html]
[www.britannica.com/explore/100women/index.html]
[www.britannica.com/explore/savingearth/index.html]
[www.britannica.com/explore/space/index.html]
[www.britannica.com/money/fafsa-college-financial-aid.html]
[www.britannica.com/money/household-finance.html]
[www.britannica.com/money/good-debt-vs-bad-debt.html]
[www.britannica.com/money/socially-responsible-investing.html]
[www.britannica.com/money/investing.html]
[www.britannica.com/topic/Nobel-Prize.html]
[www.britannica.com/biography/Alfred-Nobel3993.html]
[www.britannica.com/story/how-do-you-get-a-nobel-prizeedd4.html]
[www.britannica.com/list/7-nobel-prize-scandalsc52b.html]
[www.britannica.com/biography/Jean-Paul-Sartre6e04.html]
[www.britannica.com/biography/Le-Duc-Tho.html]
[www.britannica.com/biography/Henry-Kissinger.html]
[www.britannica.com/quiz/nobel-prize9919.html]
[www.britannica.com/place/Brazil/Kubitscheks-administration.html]
[www.britannica.com/biography/Jair-Bolsonaro.html]
[www.britannica.com/biography/Luiz-Inacio-Lula-da-Silva.html]
[www.britannica.com/biography/Jair-Bolsonaro335f.html]
[www.britannica.com/biography/Luiz-Inacio-Lula-da-Silva6724.html]
[www.britannica.com/event/Petrobras-scandal4dcc.html]
[www.britannica.com/biography/John-Wayne-Gacy.html]
[www.britannica.com/biography/Marilyn-Monroe.html]
[www.britannica.com/place/Pisces.html]
[www.britannica.com/place/Nigeria.html]
[www.britannica.com/event/Hurricane-Katrina.html]
[www.britannica.com/topic/horoscope.html]
[www.britannica.com/topic/list-of-serial-killers-2026519.html]
[www.britannica.com/biography/Mahatma-Gandhi.html]
[www.britannica.com/topic/serial-murder.html]
[www.britannica.com/topic/Dussehra.html]
[www.britannica.com/story/pro-and-con-school-uniforms.html]
[www.britannica.com/story/how-fast-is-the-worlds-fastest-human.html]
[www.britannica.com/story/what-is-a-hurricane-storm-surge-and-why-is-it-so-dangerous.html]
[www.britannica.com/story/why-are-there-nine-justices-on-the-us-supreme-court.html]
[www.britannica.com/story/is-african-american-vernacular-english-a-language.html]
[www.britannica.com/story/what-is-the-most-widely-practiced-religion-in-the-world.html]
[www.britannica.com/story/the-time-julius-caesar-was-captured-by-pirates.html]
[www.britannica.com/story/why-do-we-celebrate-halloween.html]
[www.britannica.com/story/the-effects-of-chinas-one-child-policy.html]
[www.britannica.com/story/gun-control-in-the-us.html]
[www.britannica.com/list/7-of-historys-most-notorious-serial-killers.html]
[www.britannica.com/list/7-unique-burial-rituals-across-the-world.html]
[www.britannica.com/list/11-egyptian-gods-and-goddesses.html]
[www.britannica.com/list/inventors-and-inventions-of-the-industrial-revolution.html]
[www.britannica.com/list/5-components-of-information-systems.html]
[www.britannica.com/list/6-of-the-worlds-deadliest-natural-disasters.html]
[www.britannica.com/list/12-greek-gods-and-goddesses.html]
[www.britannica.com/list/6-cell-organelles.html]
[www.britannica.com/list/10-of-the-most-famous-endangered-species.html]
[www.britannica.com/list/10-famous-artworks-by-leonardo-da-vinci.html]
[www.britannica.com/money/retirement.html]
[www.britannica.com/money/401k-plan.html]
[www.britannica.com/money/what-are-stablecoins.html]
[www.britannica.com/money/what-is-a-credit-score.html]
[www.britannica.com/money/earnings-per-share.html]
[www.britannica.com/quiz/capital-cities-of-the-world-quiz.html]
[www.britannica.com/quiz/which-country-is-larger-by-area-quiz.html]
[www.britannica.com/quiz/us-state-capitals-quiz.html]
[www.britannica.com/quiz/periodic-table-of-the-elements.html]
[www.britannica.com/quiz/the-american-revolution.html]
[www.britannica.com/quiz/european-capitals-quiz.html]
[www.britannica.com/quiz/womens-history-famous-firsts.html]
[www.britannica.com/quiz/presidents-of-the-united-states-quiz.html]
[www.britannica.com/quiz/soldiers-in-petticoats-fact-or-fiction.html]
[www.britannica.com/quiz/womens-history-leaders-quiz.html]
[www.britannica.com/videos.html]
[www.britannica.com/video/235371/did-you-know-King-Charles-III.html]
[www.britannica.com/video/231033/who-was-Nikoa-Tesla.html]
[www.britannica.com/video/232818/did-you-know-history-of-the-internet.html]
[www.britannica.com/video/232456/who-was-Hiram-Revels.html]
[www.britannica.com/video/233764/who-was-Shirley-Chisholm.html]
[www.britannica.com/video/235199/Sam-Mihara-interview-Japanese-American-imprisonment.html]
[www.britannica.com/video/233660/Sam-Mihara-interview-Japanese-American-imprisonment.html]
[www.britannica.com/video/233661/Sam-Mihara-interview-Japanese-American-imprisonment.html]
[www.britannica.com/video/232539/did-you-know-Bernie-Madoff-Ponzi-scheme.html]
[www.britannica.com/video/232571/who-was-Jose-Rizal.html]
[www.britannica.com/video/232775/who-was-Eric-Carle.html]
[www.britannica.com/video/233626/Sam-Mihara-interview-Japanese-American-imprisonment.html]
[www.britannica.com/video/233627/Sam-Mihara-interview-Japanese-American-imprisonment.html]
[www.britannica.com/video/233659/Sam-Mihara-interview-Japanese-American-imprisonment.html]
[www.britannica.com/video/232113/how-do-countries-pick-their-capital-cities.html]
[www.britannica.com/video/232195/who-was-Mae-Jemison.html]
[www.britannica.com/video/232228/did-you-know-constellations.html]
[www.britannica.com/video/232458/who-was-Galileo.html]
[www.britannica.com/video/232096/did-you-know-Amistad-Mutiny.html]
[www.britannica.com/video/232344/did-you-know-Protestant-Reformation.html]
[www.britannica.com/video/232047/who-was-Edgar-Allan-Poe.html]
[www.britannica.com/video/232069/Who-was-Hank-Aaron.html]
[www.britannica.com/video/230734/did-you-know-Sequoyah-Cherokee-writing-system.html]
[www.britannica.com/video/222608/britannica-insights-Gitanjali-Rao-water-crisis.html]
[www.britannica.com/video/222414/Britannica-insights-climate-change.html]
[www.britannica.com/video/222610/britannica-insights-Phil-the-Fixer-renewable-energy.html]
[www.britannica.com/video/222609/britannica-insights-Enrique-Salmon-biodiversity-loss.html]
[www.britannica.com/video/223236/did-you-know-Sparta.html]
[www.britannica.com/video/230753/who-was-Stephen-Sondheim.html]
[www.britannica.com/video/230781/who-was-Karl-Marx.html]
[www.britannica.com/topic/Our-Lady-of-Guadalupe-patron-saint-of-Mexicoe065.html]
[www.britannica.com/biography/Mary-mother-of-Jesus.html]
[www.britannica.com/biography/Miguel-Hidalgo-y-Costilla.html]
[www.britannica.com/biography/Francisco-de-Miranda656c.html]
[www.britannica.com/biography/George-Washington.html]
[www.britannica.com/biography/Simon-Bolivar.html]
[www.britannica.com/one-good-fact/all-good-facts.html]
[www.britannica.com/art/jazz.html]
[www.britannica.com/story/how-american-singer-actor-and-civil-rights-activist-paul-robeson-became-a-hero-inchina.html]
[www.britannica.com/story/why-do-people-eat-cereal-with-milk.html]
[www.britannica.com/topic/Plains-Indian.html]
[www.britannica.com/quiz/passage-through-india.html]
[www.britannica.com/quiz/explore-india.html]
[www.britannica.com/science/human-disease.html]
[www.britannica.com/quiz/doctor-who.html]
[www.britannica.com/quiz/name-that-surgery.html]
[www.britannica.com/topic/interest-group.html]
[www.britannica.com/quiz/o-canada.html]
[www.britannica.com/quiz/nobel-prize.html]
[www.britannica.com/art/Southeast-Asian-arts.html]
[www.britannica.com/quiz/memorable-beginnings-vol-1-match-the-opening-line-to-the-work.html]
[www.britannica.com/quiz/memorable-beginnings-vol-2-match-the-opening-line-to-the-work.html]
[www.britannica.com/topic/Hinduism.html]
[www.britannica.com/story/what-is-the-islamic-new-year-a-scholar-of-religionexplains.html]
[www.britannica.com/story/the-trolley-dilemma-would-you-kill-one-person-to-savefive.html]
[www.britannica.com/topic/procedural-law.html]
[www.britannica.com/story/what-is-gerrymandering.html]
[www.britannica.com/list/6-oddly-named-us-government-operations.html]
[www.britannica.com/science/radiation.html]
[www.britannica.com/list/7-important-dates-in-jupiter-history.html]
[www.britannica.com/quiz/branches-of-genetics.html]
[www.britannica.com/topic/number-game.html]
[www.britannica.com/quiz/association-football.html]
[www.britannica.com/quiz/the-olympics.html]
[www.britannica.com/technology/instrumentation-technology.html]
[www.britannica.com/list/influential-computer-programming-languages.html]
[www.britannica.com/story/what-is-known-and-not-known-about-area-51.html]
[www.britannica.com/topic/modern-art-to-1945-2080464.html]
[www.britannica.com/quiz/can-you-guess-if-these-famous-paintings-are-in-new-york-city-or-not.html]
[www.britannica.com/quiz/how-much-do-you-know-about-the-art-and-architecture-in-sweden.html]
[www.britannica.com/event/Thirty-Years-War.html]
[www.britannica.com/quiz/world-wars.html]
[www.britannica.com/quiz/history-fact-or-fiction.html]
[www.britannica.com/reviews.html]
[www.britannica.com/explore/savingearth/advocacy/index.html]
[www.britannica.com/sitemap.html]
[www.britannica.com/new-articles.html]
[www.britannica.com/opensearch.html]
[www.britannica.com/dictionary/eb/vendor/normalize.2.1.2/normalize.min.css]
[www.britannica.com/dictionary/eb/vendor/font-awesome-4.0.3/css/font-awesome.min.css]
[www.britannica.com/dictionary/eb/vendor/amodal_1.6.5/amodal.min.css]
[www.britannica.com/dictionary/eb/vendor/jquery-ui-1.10.3.custom/css/smoothness/jquery-ui-1.10.3.custom.min.css]
[www.britannica.com/dictionary/eb/css/shared/mw_style.0001.css]
[www.britannica.com/dictionary/eb/css/shared/utils.0002.css]
[www.britannica.com/dictionary/eb/css/shared/reusable.0002.css]
[www.britannica.com/dictionary/eb/css/shared/resets.0001.css]
[www.britannica.com/dictionary/eb/css/main_template.0018.css]
[www.britannica.com/dictionary/eb/vendor/index.html]
[www.britannica.com/dictionary/index.html]
[www.britannica.com/dictionary/eb/qa/archives.html]
[www.britannica.com/dictionary/eb/word-of-the-day.html]
[www.britannica.com/dictionary/eb/quizzes.html]
[www.britannica.com/dictionary/eb/3000-words.html]
[www.britannica.com/dictionary/eb/images/m_menu/ld_menu_icon_dictionary.svg]
[www.britannica.com/dictionary/eb/browse/a.html]
[www.britannica.com/dictionary/eb/css/home.0003.css]
[www.britannica.com/dictionary/eb/css/wod/home_widget.0002.css]
[www.britannica.com/dictionary/eb/css/qa/home_widget.0004.css]
[www.britannica.com/dictionary/eb/qa/The-Meaning-of-Looking-Forward-to-Something-.html]
[www.britannica.com/dictionary/eb/css/quizzes/homepage.0001.css]
[www.britannica.com/dictionary/eb/quiz/vocabulary-start.html]
[www.britannica.com/dictionary/eb/quiz/name-that-thing-start.html]
[www.britannica.com/dictionary/eb/most-popular-words.html]
[www.britannica.com/dictionary/eb/css/mp/home.0002.css]
[www.britannica.com/dictionary/RSVP.html]
[www.britannica.com/dictionary/fascism.html]
[www.britannica.com/dictionary/R.I.P.html]
[www.britannica.com/dictionary/a.html]
[www.britannica.com/dictionary/c/o.html]
[www.britannica.com/dictionary/NB.html]
[www.britannica.com/dictionary/BCE.html]
[www.britannica.com/dictionary/AD.html]
[www.britannica.com/dictionary/rantings.html]
[www.britannica.com/dictionary/TLC.html]
[www.britannica.com/dictionary/maiden-name.html]
[www.britannica.com/dictionary/eb/help/ipa.html]
[www.britannica.com/dictionary/eb/help/all.html]
[cdn.britannica.com/mendel-resources/3-72/dist/quiz-browse-page6f76.css]
[www.britannica.com/quiz/browse/Entertainment-Pop-Culture.html]
[www.britannica.com/quiz/browse/Geography-Travel.html]
[www.britannica.com/quiz/browse/Health-Medicine.html]
[www.britannica.com/quiz/browse/Lifestyles-Social-Issues.html]
[www.britannica.com/quiz/browse/Literature.html]
[www.britannica.com/quiz/browse/Philosophy-Religion.html]
[www.britannica.com/quiz/browse/Politics-Law-Government.html]
[www.britannica.com/quiz/browse/Science.html]
[www.britannica.com/quiz/browse/Sports-Recreation.html]
[www.britannica.com/quiz/browse/Technology.html]
[www.britannica.com/quiz/browse/Visual-Arts.html]
[www.britannica.com/quiz/browse/World-History.html]
[www.britannica.com/quiz/a-world-of-food.html]
[www.britannica.com/quiz/disney-quiz.html]
[www.britannica.com/quiz/monsters-ghouls-and-ghosts-quiz.html]
[www.britannica.com/quiz/france-a-history-quiz.html]
[www.britannica.com/quiz/i-am-the-greatest-athlete.html]
[www.britannica.com/quiz/classic-childrens-books.html]
[www.britannica.com/quiz/commonly-confused-words-vocabulary-quiz.html]
[www.britannica.com/quiz/figure-out-the-acronyms-asap-vocabulary-quiz.html]
[www.britannica.com/quiz/face-your-fears-vocabulary-quiz.html]
[www.britannica.com/quiz/whats-on-the-menu-vocabulary-quiz.html]
[www.britannica.com/quiz/the-great-british-vocabulary-quiz.html]
[www.britannica.com/quiz/words-named-after-people-vocabulary-quiz.html]
[www.britannica.com/quiz/slang-through-the-ages-vocabulary-quiz.html]
[www.britannica.com/quiz/challenging-words-you-should-know-vocabulary-quiz.html]
[www.britannica.com/quiz/oscar-worthy-movie-trivia.html]
[www.britannica.com/quiz/spanish-idioms-in-english.html]
[www.britannica.com/quiz/famous-nicknames.html]
[www.britannica.com/quiz/american-mobsters-quiz.html]
[www.britannica.com/quiz/great-moments-in-sports-quiz.html]
[www.britannica.com/quiz/marvel-or-dc.html]
[www.britannica.com/quiz/gods-goddesses-and-greek-mythology.html]
[www.britannica.com/quiz/sports-moments-nicknames-quiz.html]
[www.britannica.com/quiz/world-war-i-quiz.html]
[www.britannica.com/quiz/2000s-music-quiz.html]
[www.britannica.com/quiz/english-men-of-distinction-fact-or-fiction.html]
[www.britannica.com/quiz/exploring-italy-and-france-fact-or-fiction.html]
[www.britannica.com/quiz/charlemagne-fact-or-fiction.html]
[www.britannica.com/quiz/nautical-exploration-and-aviation-fact-or-fiction.html]
[www.britannica.com/quiz/european-exploration-fact-or-fiction.html]
[www.britannica.com/quiz/southeast-asia-fact-or-fiction.html]
[www.britannica.com/quiz/countries-and-capitals-quiz.html]
[www.britannica.com/quiz/periodic-table-names-symbols-quiz.html]
[www.britannica.com/quiz/the-human-body.html]
[www.britannica.com/money/_next/static/css/af4511198fcf9410.css]
[www.britannica.com/money/_next/static/css/121c00d53a15d499.css]
[www.britannica.com/money/author/douglas-ashburn/12849777.html]
[www.britannica.com/money/what-is-the-50-30-20-rule.html]
[www.britannica.com/money/paying-for-college.html]
[www.britannica.com/money/investment-types.html]
[www.britannica.com/money/ira-vs-401k.html]
[www.britannica.com/money/college-savings-plans.html]
[www.britannica.com/money/using-emergency-savings-emergency-loan.html]
[www.britannica.com/money/how-to-buy-a-car.html]
[www.britannica.com/money/fixed-vs-variable-rate-mortgage.html]
[www.britannica.com/money/what-is-compounding.html]
[www.britannica.com/money/what-is-the-yield-curve.html]
[www.britannica.com/money/market-capitalization.html]
[www.britannica.com/money/using-a-financial-advisor.html]
[www.britannica.com/money/what-is-annuity.html]
[www.britannica.com/money/estate-planning-basics.html]
[www.britannica.com/money/financial-independence-retire-early.html]
[www.britannica.com/money/financing-a-car.html]
[www.britannica.com/money/buying-a-house-vs-renting.html]
[www.britannica.com/money/esg-investing-trends.html]
[www.britannica.com/money/what-is-a-robo-advisor.html]
[www.britannica.com/money/rollover-ira-401k-options.html]
[www.britannica.com/money/identity-theft-protection.html]
[www.britannica.com/money/stock-sector-performance.html]
[www.britannica.com/money/dividend-investing-strategy.html]
[www.britannica.com/money/what-are-mutual-funds.html]
[www.britannica.com/money/target-date-fund.html]
[www.britannica.com/money/what-is-a-futures-contract.html]
[www.britannica.com/money/retirement-job-income.html]
[www.britannica.com/money/about.html]
[www.britannica.com/browse/Actors.html]
[www.britannica.com/biography/Robert-Downey-Jr.html]
[www.britannica.com/biography/Halle-Berry.html]
[www.britannica.com/biography/Shah-Rukh-Khan.html]
[www.britannica.com/browse/Comic-Strip-Superhero.html]
[www.britannica.com/topic/Aquaman.html]
[www.britannica.com/topic/the-Avengers-superhero-team.html]
[www.britannica.com/topic/Superman-fictional-character.html]
[www.britannica.com/browse/Dance.html]
[www.britannica.com/art/Chinese-performing-arts.html]
[www.britannica.com/biography/Mikhail-Baryshnikov.html]
[www.britannica.com/biography/Misty-Copeland.html]
[www.britannica.com/browse/Entertainment-Awards.html]
